make --dry-run --always-make --keep-going --print-directory
make: Entering directory `/Users/popgendad/GitHub/bcftools'
 
Makefile:105: config.mk: No such file or directory

make: Leaving directory `/Users/popgendad/GitHub/bcftools'
 
make: Entering directory `/Users/popgendad/GitHub/bcftools'
 
config.mk:33: ../htslib/htslib.mk: No such file or directory
config.mk:34: ../htslib/htslib_static.mk: No such file or directory

make: *** No rule to make target `../htslib/htslib_static.mk'.

make: *** No rule to make target `../htslib/htslib.mk'.

make: Failed to remake makefile `../htslib/htslib_static.mk'.
make: Failed to remake makefile `../htslib/htslib.mk'.

echo '/* Basic config.h generated by Makefile */' > config.h
echo '#define ENABLE_BCF_PLUGINS 1' >> config.h
echo '#define PLUGIN_EXT ".so"' >> config.h
 
echo '#define BCFTOOLS_VERSION "dfc0b53"' > version.h
gcc -g -Wall -O2 -I. -I../htslib   -c -o main.o main.c
gcc -g -Wall -O2 -I. -I../htslib   -c -o vcfindex.o vcfindex.c
gcc -g -Wall -O2 -I. -I../htslib   -c -o tabix.o tabix.c
gcc -g -Wall -O2 -I. -I../htslib   -c -o vcfstats.o vcfstats.c
gcc -g -Wall -O2 -I. -I../htslib   -c -o vcfisec.o vcfisec.c
gcc -g -Wall -O2 -I. -I../htslib   -c -o vcfmerge.o vcfmerge.c
 
gcc -g -Wall -O2 -I. -I../htslib   -c -o vcfquery.o vcfquery.c
 
gcc -g -Wall -O2 -I. -I../htslib   -c -o vcffilter.o vcffilter.c
gcc -g -Wall -O2 -I. -I../htslib    -c -o filter.o filter.c
gcc -g -Wall -O2 -I. -I../htslib   -c -o vcfsom.o vcfsom.c
 
gcc -g -Wall -O2 -I. -I../htslib   -c -o vcfnorm.o vcfnorm.c
 
gcc -g -Wall -O2 -I. -I../htslib   -c -o vcfgtcheck.o vcfgtcheck.c
gcc -g -Wall -O2 -I. -I../htslib   -c -o vcfview.o vcfview.c
 
gcc -g -Wall -O2 -I. -I../htslib   -c -o vcfannotate.o vcfannotate.c
 
gcc -g -Wall -O2 -I. -I../htslib   -c -o vcfroh.o vcfroh.c
gcc -g -Wall -O2 -I. -I../htslib   -c -o vcfconcat.o vcfconcat.c
gcc -g -Wall -O2 -I. -I../htslib   -c -o vcfcall.o vcfcall.c
gcc -g -Wall -O2 -I. -I../htslib   -c -o mcall.o mcall.c
gcc -g -Wall -O2 -I. -I../htslib   -c -o vcmp.o vcmp.c
gcc -g -Wall -O2 -I. -I../htslib   -c -o gvcf.o gvcf.c
gcc -g -Wall -O2 -I. -I../htslib   -c -o reheader.o reheader.c
gcc -g -Wall -O2 -I. -I../htslib   -c -o convert.o convert.c
gcc -g -Wall -O2 -I. -I../htslib   -c -o vcfconvert.o vcfconvert.c
gcc -g -Wall -O2 -I. -I../htslib   -c -o tsv2vcf.o tsv2vcf.c
gcc -g -Wall -O2 -I. -I../htslib   -c -o vcfcnv.o vcfcnv.c
 
gcc -g -Wall -O2 -I. -I../htslib   -c -o vcfhead.o vcfhead.c
gcc -g -Wall -O2 -I. -I../htslib   -c -o HMM.o HMM.c
 
gcc -g -Wall -O2 -I. -I../htslib   -c -o consensus.o consensus.c
gcc -g -Wall -O2 -I. -I../htslib   -c -o ploidy.o ploidy.c
 
gcc -g -Wall -O2 -I. -I../htslib   -c -o bin.o bin.c
 
gcc -g -Wall -O2 -I. -I../htslib   -c -o hclust.o hclust.c
gcc -g -Wall -O2 -I. -I../htslib   -c -o version.o version.c
gcc -g -Wall -O2 -I. -I../htslib   -c -o regidx.o regidx.c
 
gcc -g -Wall -O2 -I. -I../htslib   -c -o smpl_ilist.o smpl_ilist.c
 
gcc -g -Wall -O2 -I. -I../htslib   -c -o csq.o csq.c
 
gcc -g -Wall -O2 -I. -I../htslib   -c -o vcfbuf.o vcfbuf.c
 
gcc -g -Wall -O2 -I. -I../htslib   -c -o mpileup.o mpileup.c
gcc -g -Wall -O2 -I. -I../htslib   -c -o bam2bcf.o bam2bcf.c
gcc -g -Wall -O2 -I. -I../htslib   -c -o bam2bcf_indel.o bam2bcf_indel.c
 
gcc -g -Wall -O2 -I. -I../htslib   -c -o bam_sample.o bam_sample.c
 
gcc -g -Wall -O2 -I. -I../htslib   -c -o vcfsort.o vcfsort.c
 
gcc -g -Wall -O2 -I. -I../htslib   -c -o cols.o cols.c
 
gcc -g -Wall -O2 -I. -I../htslib   -c -o extsort.o extsort.c
gcc -g -Wall -O2 -I. -I../htslib   -c -o dist.o dist.c
 
gcc -g -Wall -O2 -I. -I../htslib   -c -o abuf.o abuf.c
 
gcc -g -Wall -O2 -I. -I../htslib   -c -o ccall.o ccall.c
 
gcc -g -Wall -O2 -I. -I../htslib   -c -o em.o em.c
 
gcc -g -Wall -O2 -I. -I../htslib   -c -o prob1.o prob1.c
gcc -g -Wall -O2 -I. -I../htslib   -c -o kmin.o kmin.c
 
gcc -g -Wall -O2 -I. -I../htslib   -c -o str_finder.o str_finder.c
 
gcc -g -Wall -O2 -I. -I../htslib  -DPLUGINPATH='"/usr/local/libexec/bcftools"' -c -o vcfplugin.o vcfplugin.c
 
make: *** No rule to make target `../htslib/libhts.a', needed by `bcftools'.

gcc -g -Wall -O2 -I. -I../htslib   -c -o test/test-rbuf.o test/test-rbuf.c
gcc  -o test/test-rbuf test/test-rbuf.o -lz  
 
gcc -g -Wall -O2 -I. -I../htslib   -c -o test/test-regidx.o test/test-regidx.c
 
make: Leaving directory `/Users/popgendad/GitHub/bcftools'
 
